                   label = final_new
                strategy = final
               data_path = ../data/geometry3k
    text_logic_form_path = ../text_parser/text_logic_forms.json
 diagram_logic_form_path = ../diagram_parser/diagram_logic_forms.json
           use_annotated = False
            predict_path = ../theorem_predict/results/test/pred_seqs_test_bart_best_add_random.json
             start_index = 2401
               end_index = 3001
              time_limit = 150
             num_threads = 20
               low_first = True
              step_limit = 100
              debug_mode = False
            enable_round = False
          enable_predict = True

{'pid': 2401, 'target': ['Area', 'A', 'B', 'C'], 'guess': 60.0, 'correctness': 'yes', 'steps': 0, 'step_lst': [], 'time': 2.97}
{'pid': 2402, 'target': None, 'guess': None, 'correctness': 'no', 'steps': 0, 'step_lst': [], 'time': 150.11}
{'pid': 2403, 'target': ['Value', 'x'], 'guess': None, 'correctness': 'no', 'steps': 101, 'step_lst': [17, 13, 12, 3, 4, 9, 15, 17, 14, 5, 11, 9, 7, 9, 13, 11, 1, 2, 4, 11, 13, 8, 17, 14, 1, 13, 7, 5, 10, 4, 2, 10, 14, 16, 3, 8, 1, 10, 7, 9, 1, 17, 2, 17, 6, 11, 16, 6, 4, 5, 3, 2, 7, 5, 8, 10, 15, 8, 15, 3, 11, 10, 10, 1, 6, 10, 15, 4, 8, 2, 8, 8, 1, 11, 17, 8, 17, 15, 16, 15, 16, 12, 1, 4, 17, 5, 6, 10, 3, 9, 16, 12, 5, 11, 9, 6, 17, 12, 12, 8, 14], 'time': 137.87}
{'pid': 2404, 'target': None, 'guess': None, 'correctness': 'no', 'steps': 0, 'step_lst': [], 'time': 150.11}
{'pid': 2405, 'target': None, 'guess': None, 'correctness': 'no', 'steps': 0, 'step_lst': [], 'time': 36.25}
{'pid': 2406, 'target': ['Value', 'x'], 'guess': None, 'correctness': 'no', 'steps': 101, 'step_lst': [10, 4, 13, 6, 16, 17, 14, 3, 12, 5, 10, 2, 15, 1, 10, 16, 16, 12, 8, 13, 16, 6, 7, 8, 4, 13, 9, 9, 4, 6, 7, 2, 9, 10, 7, 2, 1, 17, 2, 12, 13, 6, 12, 10, 4, 5, 9, 15, 1, 3, 2, 2, 7, 17, 17, 3, 9, 7, 16, 14, 4, 1, 7, 14, 7, 14, 11, 15, 4, 6, 17, 16, 2, 13, 13, 2, 9, 9, 15, 1, 5, 9, 2, 10, 5, 13, 6, 13, 15, 15, 1, 7, 3, 4, 17, 3, 17, 11, 9, 10, 1], 'time': 112.04}
{'pid': 2407, 'target': ['Value', 'x'], 'guess': 74.0, 'correctness': 'yes', 'steps': 25, 'step_lst': [10, 4, 4, 3, 6, 4, 1, 14, 4, 15, 7, 6, 5, 14, 8, 11, 10, 3, 5, 7, 9, 6, 17, 11, 13], 'time': 63.37}
{'pid': 2408, 'target': None, 'guess': None, 'correctness': 'no', 'steps': 0, 'step_lst': [], 'time': 9.27}
{'pid': 2409, 'target': ['Value', 'y'], 'guess': 36.3730669589464, 'correctness': 'yes', 'steps': 1, 'step_lst': [17], 'time': 5.5}
{'pid': 2410, 'target': ['Value', 'C', 'D'], 'guess': 40.0, 'correctness': 'yes', 'steps': 40, 'step_lst': [14, 16, 13, 8, 2, 7, 9, 12, 8, 8, 15, 3, 5, 15, 3, 10, 15, 10, 7, 1, 12, 13, 16, 12, 1, 2, 17, 10, 12, 10, 11, 4, 5, 7, 16, 12, 16, 15, 9, 14], 'time': 25.4}
{'pid': 2411, 'target': ['Area', ParseResults(['Shape', '$'], {})], 'guess': None, 'correctness': 'no', 'steps': 101, 'step_lst': [7, 1, 13, 12, 15, 4, 7, 8, 10, 8, 13, 8, 17, 16, 13, 2, 9, 1, 17, 11, 16, 8, 11, 14, 9, 14, 14, 6, 11, 3, 13, 17, 9, 15, 15, 10, 4, 11, 5, 11, 15, 17, 16, 1, 11, 6, 8, 15, 1, 3, 8, 4, 5, 12, 4, 12, 17, 5, 4, 10, 9, 7, 9, 16, 10, 13, 7, 12, 7, 16, 8, 4, 6, 3, 12, 9, 2, 16, 15, 16, 16, 2, 14, 11, 13, 16, 5, 9, 12, 10, 13, 4, 11, 10, 4, 10, 5, 7, 3, 2, 8], 'time': 0.34}
{'pid': 2412, 'target': None, 'guess': None, 'correctness': 'no', 'steps': 0, 'step_lst': [], 'time': 53.07}
{'pid': 2413, 'target': ['Value', 'A', 'C', 'D'], 'guess': 1.0, 'correctness': 'no', 'steps': 3, 'step_lst': [1, 12, 4], 'time': 30.88}
{'pid': 2414, 'target': None, 'guess': None, 'correctness': 'no', 'steps': 0, 'step_lst': [], 'time': 97.63}
{'pid': 2415, 'target': ['Value', 'R', 'N', 'P'], 'guess': 38.0, 'correctness': 'yes', 'steps': 1, 'step_lst': [10], 'time': 26.16}
{'pid': 2416, 'target': ['Value', 'y'], 'guess': 1.2941176470588236, 'correctness': 'no', 'steps': 1, 'step_lst': [10], 'time': 30.23}
{'pid': 2417, 'target': None, 'guess': None, 'correctness': 'no', 'steps': 0, 'step_lst': [], 'time': 150.11}
{'pid': 2418, 'target': None, 'guess': None, 'correctness': 'no', 'steps': 0, 'step_lst': [], 'time': 150.19}
{'pid': 2419, 'target': None, 'guess': None, 'correctness': 'no', 'steps': 0, 'step_lst': [], 'time': 8.77}
{'pid': 2420, 'target': ['Value', 'D', 'E'], 'guess': None, 'correctness': 'no', 'steps': 101, 'step_lst': [17, 9, 11, 9, 9, 13, 15, 8, 9, 13, 3, 14, 4, 4, 5, 1, 2, 10, 10, 3, 1, 11, 12, 3, 16, 1, 10, 12, 1, 4, 16, 2, 13, 17, 11, 12, 10, 17, 16, 5, 3, 9, 1, 15, 3, 9, 12, 14, 7, 4, 3, 14, 15, 6, 3, 9, 9, 5, 5, 2, 2, 13, 16, 13, 8, 1, 6, 10, 7, 7, 17, 7, 8, 8, 11, 3, 2, 13, 7, 2, 4, 5, 3, 15, 3, 8, 10, 2, 7, 16, 5, 8, 13, 14, 2, 9, 17, 6, 5, 7, 8], 'time': 45.77}
{'pid': 2421, 'target': ['Perimeter', 'A', 'C', 'B', 'D'], 'guess': 64.0, 'correctness': 'yes', 'steps': 0, 'step_lst': [], 'time': 10.3}
{'pid': 2422, 'target': ['Value', 'arc_length', 'C', 'B', 'A'], 'guess': None, 'correctness': 'no', 'steps': 101, 'step_lst': [16, 16, 9, 11, 10, 1, 7, 16, 13, 14, 12, 12, 11, 1, 4, 1, 15, 14, 9, 6, 12, 4, 16, 14, 12, 8, 9, 15, 17, 17, 3, 5, 11, 1, 12, 10, 10, 17, 6, 14, 2, 5, 17, 10, 5, 3, 13, 9, 2, 14, 5, 16, 8, 15, 5, 4, 12, 8, 8, 14, 3, 16, 4, 17, 6, 7, 11, 13, 2, 7, 4, 1, 2, 11, 3, 3, 1, 5, 3, 9, 15, 10, 17, 13, 15, 1, 7, 17, 16, 7, 9, 13, 6, 8, 2, 9, 3, 13, 6, 1, 8], 'time': 73.19}
{'pid': 2423, 'target': ['Value', 'A', 'B'], 'guess': 7.0, 'correctness': 'yes', 'steps': 1, 'step_lst': [14], 'time': 0.87}
{'pid': 2424, 'target': ['Value', 'B', 'G', 'E'], 'guess': 60.0, 'correctness': 'yes', 'steps': 0, 'step_lst': [], 'time': 5.26}
{'pid': 2425, 'target': ['Value', 'x'], 'guess': 69.75539146913174, 'correctness': 'yes', 'steps': 37, 'step_lst': [17, 14, 11, 4, 10, 16, 16, 8, 7, 12, 14, 11, 11, 10, 8, 15, 14, 12, 6, 10, 6, 8, 12, 14, 13, 10, 4, 8, 3, 3, 13, 2, 6, 4, 16, 13, 17], 'time': 4.91}
{'pid': 2426, 'target': ['Value', 'x'], 'guess': None, 'correctness': 'no', 'steps': 101, 'step_lst': [16, 2, 2, 1, 2, 9, 14, 6, 13, 6, 10, 11, 6, 15, 13, 13, 8, 12, 1, 9, 9, 15, 15, 12, 14, 15, 16, 11, 4, 5, 14, 15, 7, 13, 4, 16, 14, 12, 6, 10, 16, 12, 2, 13, 10, 12, 6, 11, 16, 5, 6, 10, 9, 8, 5, 17, 3, 15, 16, 7, 4, 3, 5, 7, 4, 9, 2, 13, 3, 13, 5, 5, 3, 4, 6, 12, 11, 14, 7, 5, 11, 3, 6, 6, 11, 17, 8, 10, 16, 17, 8, 2, 11, 12, 15, 14, 17, 17, 2, 5, 3], 'time': 5.8}
{'pid': 2427, 'target': ['Value', 'x'], 'guess': None, 'correctness': 'no', 'steps': 101, 'step_lst': [16, 9, 8, 15, 16, 15, 1, 8, 8, 14, 7, 10, 15, 12, 12, 4, 2, 16, 17, 6, 16, 3, 12, 4, 15, 1, 16, 15, 13, 13, 8, 3, 12, 5, 14, 11, 13, 13, 5, 2, 1, 1, 11, 7, 12, 12, 5, 4, 4, 10, 8, 16, 2, 14, 17, 6, 13, 5, 11, 16, 9, 17, 7, 8, 1, 10, 1, 17, 5, 3, 7, 5, 13, 13, 4, 11, 2, 10, 15, 8, 6, 5, 15, 9, 11, 2, 11, 15, 5, 17, 9, 17, 15, 3, 9, 6, 16, 13, 9, 2, 4], 'time': 7.99}
{'pid': 2428, 'target': None, 'guess': None, 'correctness': 'no', 'steps': 0, 'step_lst': [], 'time': 3.55}
{'pid': 2429, 'target': ['Area', 'A', 'C', 'B', 'D'], 'guess': None, 'correctness': 'no', 'steps': 102, 'step_lst': [1, 17, 11, 10, 8, 2, 4, 2, 8, 2, 10, 3, 9, 8, 7, 7, 4, 15, 8, 11, 16, 5, 1, 17, 7, 5, 4, 11, 4, 5, 3, 13, 13, 8, 1, 16, 4, 7, 9, 7, 13, 14, 9, 5, 14, 6, 9, 2, 16, 16, 12, 14, 1, 10, 8, 17, 1, 17, 4, 3, 3, 15, 15, 10, 7, 14, 11, 6, 12, 12, 7, 14, 13, 10, 7, 1, 1, 6, 8, 15, 2, 5, 5, 5, 1, 14, 10, 9, 15, 6, 3, 16, 14, 3, 4, 5, 1, 2, 13, 6, 17, 4], 'time': 14.44}
{'pid': 2430, 'target': ['Value', 'X', 'Z'], 'guess': 34.0, 'correctness': 'yes', 'steps': 1, 'step_lst': [16], 'time': 9.3}
{'pid': 2431, 'target': None, 'guess': None, 'correctness': 'no', 'steps': 0, 'step_lst': [], 'time': 150.47}
{'pid': 2432, 'target': ['Area', 'A', 'D', 'C', 'E'], 'guess': None, 'correctness': 'no', 'steps': 101, 'step_lst': [16, 11, 14, 4, 13, 9, 14, 11, 6, 6, 7, 13, 17, 5, 1, 5, 14, 15, 12, 13, 12, 8, 13, 6, 12, 9, 11, 16, 2, 1, 16, 3, 2, 16, 2, 9, 6, 9, 2, 17, 10, 13, 16, 1, 1, 4, 5, 4, 7, 8, 4, 11, 17, 7, 16, 17, 4, 9, 5, 5, 12, 7, 7, 15, 15, 5, 3, 9, 14, 12, 2, 17, 10, 16, 15, 4, 13, 3, 17, 3, 1, 1, 2, 8, 6, 11, 16, 1, 1, 13, 17, 10, 4, 17, 15, 14, 6, 7, 5, 10, 4], 'time': 11.68}
{'pid': 2433, 'target': ['Value', 'x'], 'guess': 14.7224318643355, 'correctness': 'yes', 'steps': 1, 'step_lst': [17], 'time': 1.49}
{'pid': 2434, 'target': ['Value', 'G', 'H'], 'guess': None, 'correctness': 'no', 'steps': 102, 'step_lst': [1, 17, 15, 5, 9, 1, 16, 11, 10, 11, 2, 9, 6, 1, 14, 9, 17, 13, 7, 6, 3, 12, 4, 7, 17, 10, 5, 7, 10, 11, 5, 16, 12, 3, 2, 16, 2, 17, 6, 3, 4, 1, 6, 11, 4, 6, 11, 3, 5, 12, 16, 2, 17, 14, 1, 14, 12, 14, 15, 9, 3, 8, 4, 5, 15, 3, 5, 7, 5, 4, 1, 12, 2, 6, 10, 13, 7, 17, 17, 16, 17, 15, 13, 9, 15, 4, 1, 13, 8, 6, 15, 11, 17, 14, 7, 1, 4, 2, 3, 8, 12, 10], 'time': 23.93}
{'pid': 2435, 'target': ['Value', 'x'], 'guess': 115.0, 'correctness': 'yes', 'steps': 1, 'step_lst': [1], 'time': 0.96}
{'pid': 2436, 'target': ['Value', 'angle 2'], 'guess': 150.0, 'correctness': 'yes', 'steps': 1, 'step_lst': [9], 'time': 24.35}
{'pid': 2437, 'target': None, 'guess': None, 'correctness': 'no', 'steps': 0, 'step_lst': [], 'time': 150.28}
{'pid': 2438, 'target': ['Value', 'W', 'R'], 'guess': None, 'correctness': 'no', 'steps': 101, 'step_lst': [14, 3, 16, 16, 1, 15, 17, 6, 13, 11, 3, 3, 1, 1, 11, 2, 14, 15, 7, 14, 15, 10, 7, 5, 2, 16, 7, 1, 13, 11, 5, 15, 4, 12, 8, 1, 6, 10, 1, 10, 7, 4, 12, 13, 1, 15, 8, 7, 17, 12, 14, 2, 2, 2, 2, 10, 5, 8, 12, 4, 8, 2, 14, 2, 7, 12, 17, 16, 3, 9, 8, 13, 15, 12, 16, 11, 3, 17, 4, 12, 5, 14, 16, 5, 6, 16, 10, 3, 4, 1, 4, 14, 1, 13, 10, 3, 7, 9, 8, 13, 5], 'time': 26.73}
{'pid': 2439, 'target': ['Value', 'R', 'S', 'T'], 'guess': None, 'correctness': 'no', 'steps': 102, 'step_lst': [1, 17, 1, 3, 6, 1, 2, 6, 3, 16, 8, 14, 5, 13, 13, 4, 1, 10, 11, 9, 1, 13, 14, 4, 4, 17, 6, 12, 6, 13, 11, 17, 2, 5, 7, 14, 10, 17, 17, 9, 11, 16, 12, 10, 7, 15, 2, 7, 3, 14, 4, 15, 6, 10, 5, 9, 17, 6, 3, 14, 17, 1, 9, 8, 15, 3, 4, 13, 2, 16, 15, 1, 16, 11, 10, 2, 9, 1, 8, 2, 1, 12, 14, 2, 12, 3, 6, 13, 15, 17, 16, 3, 17, 4, 8, 7, 5, 7, 12, 11, 8, 12], 'time': 19.45}
{'pid': 2440, 'target': ['Value', 'A', 'D', 'C'], 'guess': None, 'correctness': 'no', 'steps': 102, 'step_lst': [1, 17, 13, 9, 1, 11, 5, 5, 16, 14, 1, 9, 2, 10, 12, 5, 3, 13, 1, 11, 2, 17, 4, 16, 6, 13, 17, 10, 10, 13, 6, 8, 4, 4, 10, 8, 11, 16, 9, 1, 4, 4, 10, 10, 14, 12, 10, 13, 1, 9, 5, 15, 7, 4, 6, 15, 16, 8, 3, 1, 17, 14, 14, 4, 17, 6, 11, 15, 7, 17, 15, 2, 12, 7, 2, 9, 2, 15, 13, 12, 3, 7, 13, 16, 2, 9, 9, 13, 11, 2, 6, 3, 15, 5, 1, 12, 14, 15, 14, 17, 5, 9], 'time': 30.68}
{'pid': 2441, 'target': ['Value', 'angle 1'], 'guess': 110.0, 'correctness': 'yes', 'steps': 1, 'step_lst': [10], 'time': 32.7}
{'pid': 2442, 'target': None, 'guess': None, 'correctness': 'no', 'steps': 0, 'step_lst': [], 'time': 34.57}
{'pid': 2443, 'target': ['Value', 'angle 1'], 'guess': 108.0, 'correctness': 'yes', 'steps': 2, 'step_lst': [1, 10], 'time': 6.18}
{'pid': 2444, 'target': ['Value', 'x'], 'guess': 37.20724357478334, 'correctness': 'yes', 'steps': 65, 'step_lst': [17, 8, 17, 13, 12, 3, 7, 5, 9, 13, 1, 7, 12, 17, 6, 15, 1, 11, 3, 3, 15, 5, 5, 5, 1, 15, 7, 10, 14, 9, 16, 6, 8, 11, 10, 17, 4, 2, 1, 1, 2, 4, 1, 7, 10, 15, 10, 13, 4, 11, 10, 9, 4, 2, 9, 17, 4, 9, 17, 16, 11, 2, 13, 11, 16], 'time': 42.47}
{'pid': 2445, 'target': ['Value', 'x'], 'guess': 5.65685424949238, 'correctness': 'yes', 'steps': 1, 'step_lst': [17], 'time': 71.4}
{'pid': 2446, 'target': ['Value', 'M', 'B'], 'guess': 0.0, 'correctness': 'no', 'steps': 5, 'step_lst': [16, 10, 6, 4, 15], 'time': 104.36}
{'pid': 2447, 'target': ['Value', 'y'], 'guess': None, 'correctness': 'no', 'steps': 101, 'step_lst': [10, 11, 8, 11, 3, 11, 1, 13, 2, 12, 11, 9, 16, 8, 15, 15, 1, 11, 15, 10, 2, 14, 5, 10, 17, 8, 7, 10, 7, 6, 6, 2, 2, 9, 8, 8, 13, 5, 13, 1, 4, 3, 15, 8, 12, 11, 9, 3, 4, 3, 10, 9, 17, 8, 6, 17, 4, 6, 12, 3, 16, 15, 9, 2, 1, 11, 8, 7, 14, 9, 17, 16, 6, 2, 17, 6, 15, 11, 10, 5, 8, 2, 5, 13, 14, 8, 3, 4, 1, 10, 1, 7, 7, 13, 10, 12, 6, 14, 13, 7, 2], 'time': 67.04}
{'pid': 2448, 'target': ['Value', 'y'], 'guess': 10.0, 'correctness': 'yes', 'steps': 5, 'step_lst': [17, 2, 9, 14, 16], 'time': 4.01}
{'pid': 2449, 'target': ['Value', 'Y', 'W', 'F'], 'guess': 17.5, 'correctness': 'no', 'steps': 1, 'step_lst': [13], 'time': 60.05}

Solved list:  [2401, 2407, 2409, 2410, 2413, 2415, 2416, 2421, 2423, 2424, 2425, 2430, 2433, 2435, 2436, 2441, 2443, 2444, 2445, 2446, 2448, 2449]
Solved and correct list:  [2401, 2407, 2409, 2410, 2415, 2421, 2423, 2424, 2425, 2430, 2433, 2435, 2436, 2441, 2443, 2444, 2445, 2448]
Solved but wrong list:  [2413, 2416, 2446, 2449]
Unsolved list:  [2402, 2403, 2404, 2405, 2406, 2408, 2411, 2412, 2414, 2417, 2418, 2419, 2420, 2422, 2426, 2427, 2428, 2429, 2431, 2432, 2434, 2437, 2438, 2439, 2440, 2442, 2447]

num_solved: 22 (44.90%)
num_solved_correct: 18 (36.73%)
num_solved_wrong: 4 (8.16%)
num_guessed_correct: 24.75 (50.51%)

Average steps for all problems: 73.23
Average steps for solved problems: 8.77
Average time for all problems: 103.84 seconds
Average time for solved problems: 25.60 seconds
Real total time: 188 seconds
