                   label = final_new
                strategy = final
               data_path = ../data/geometry3k
    text_logic_form_path = ../text_parser/text_logic_forms.json
 diagram_logic_form_path = ../diagram_parser/diagram_logic_forms.json
           use_annotated = False
            predict_path = ../theorem_predict/results/test/pred_seqs_test_l100_fixed.json
             start_index = 2401
               end_index = 3001
              time_limit = 150
             num_threads = 20
               low_first = True
              step_limit = 100
              debug_mode = False
            enable_round = False
          enable_predict = True

{'pid': 2401, 'target': ['Area', 'A', 'B', 'C'], 'guess': 60.0, 'correctness': 'yes', 'steps': 0, 'step_lst': [], 'time': 3.64}
{'pid': 2402, 'target': ['Value', 'O', 'X'], 'guess': None, 'correctness': 'no', 'steps': 100, 'step_lst': [1, 2, 3, 4, 5, 6, 7, 8, 9, 10, 11, 12, 13, 14, 15, 16, 17, 1, 2, 3, 4, 5, 6, 7, 8, 9, 10, 11, 12, 13, 14, 15, 16, 17, 1, 2, 3, 4, 5, 6, 7, 8, 9, 10, 11, 12, 13, 14, 15, 16, 17, 1, 2, 3, 4, 5, 6, 7, 8, 9, 10, 11, 12, 13, 14, 15, 16, 17, 1, 2, 3, 4, 5, 6, 7, 8, 9, 10, 11, 12, 13, 14, 15, 16, 17, 1, 2, 3, 4, 5, 6, 7, 8, 9, 10, 11, 12, 13, 14, 15], 'time': 49.99}
{'pid': 2403, 'target': ['Value', 'x'], 'guess': 32.0, 'correctness': 'no', 'steps': 17, 'step_lst': [1, 2, 3, 4, 5, 6, 7, 8, 9, 10, 11, 12, 13, 14, 15, 16, 17], 'time': 14.56}
{'pid': 2404, 'target': None, 'guess': None, 'correctness': 'no', 'steps': 0, 'step_lst': [], 'time': 38.63}

Solved list:  [2401, 2403]
Solved and correct list:  [2401]
Solved but wrong list:  [2403]
Unsolved list:  [2402, 2404]

num_solved: 2 (50.00%)
num_solved_correct: 1 (25.00%)
num_solved_wrong: 1 (25.00%)
num_guessed_correct: 1.5 (37.50%)

Average steps for all problems: 58.50
Average steps for solved problems: 8.50
Average time for all problems: 53.41 seconds
Average time for solved problems: 9.10 seconds
Real total time: 58 seconds
