                   label = final_new
                strategy = final
               data_path = ../data/geometry3k
    text_logic_form_path = ../text_parser/text_logic_forms.json
 diagram_logic_form_path = ../diagram_parser/diagram_logic_forms.json
           use_annotated = False
            predict_path = ../theorem_predict/results/test/pred_seqs_test_bart_best.json
             start_index = 2401
               end_index = 3001
              time_limit = 150
             num_threads = 20
               low_first = True
              step_limit = 100
              debug_mode = False
            enable_round = False
          enable_predict = True

{'pid': 2401, 'target': ['Area', 'A', 'B', 'C'], 'guess': 60.0, 'correctness': 'yes', 'steps': 0, 'step_lst': [], 'time': 2.46}
{'pid': 2402, 'target': None, 'guess': None, 'correctness': 'no', 'steps': 0, 'step_lst': [], 'time': 11.13}
{'pid': 2403, 'target': ['Value', 'x'], 'guess': 32.0, 'correctness': 'no', 'steps': 34, 'step_lst': [17, 13, 12, 3, 4, 9, 15, 17, 14, 5, 11, 9, 7, 9, 13, 11, 1, 2, 4, 11, 13, 8, 17, 14, 1, 13, 7, 5, 10, 4, 2, 10, 14, 16], 'time': 13.16}
{'pid': 2404, 'target': None, 'guess': None, 'correctness': 'no', 'steps': 0, 'step_lst': [], 'time': 27.0}

Solved list:  [2401, 2403]
Solved and correct list:  [2401]
Solved but wrong list:  [2403]
Unsolved list:  [2402, 2404]

num_solved: 2 (50.00%)
num_solved_correct: 1 (25.00%)
num_solved_wrong: 1 (25.00%)
num_guessed_correct: 1.5 (37.50%)

Average steps for all problems: 17.00
Average steps for solved problems: 17.00
Average time for all problems: 26.88 seconds
Average time for solved problems: 7.81 seconds
Real total time: 35 seconds
